#
# A fatal error has been detected by the Java Runtime Environment:
#
#  SIGSEGV (0xb) at pc=0x0000000000000000, pid=16096, tid=0x00007f946dbcc700
#
# JRE version: Java(TM) SE Runtime Environment (8.0_221-b11) (build 1.8.0_221-b11)
# Java VM: Java HotSpot(TM) 64-Bit Server VM (25.221-b11 mixed mode linux-amd64 compressed oops)
# Problematic frame:
# C  0x0000000000000000
#
# Failed to write core dump. Core dumps have been disabled. To enable core dumping, try "ulimit -c unlimited" before starting Java again
#
# If you would like to submit a bug report, please visit:
#   http://bugreport.java.com/bugreport/crash.jsp
#

---------------  T H R E A D  ---------------

Current thread (0x00007f946802b000):  GCTaskThread [stack: 0x00007f946dacd000,0x00007f946dbcd000] [id=16107]

siginfo: si_signo: 11 (SIGSEGV), si_code: 1 (SEGV_MAPERR), si_addr: 0x0000000000000000

Registers:
RAX=0x000000010007ff50, RBX=0x00007f946dbcbc50, RCX=0x0000000000000003, RDX=0x000000008c3db868
RSP=0x00007f946dbcbb68, RBP=0x00007f946dbcbb90, RSI=0x00007f9468102090, RDI=0x0000000100080208
R8 =0x000000000106e3c0, R9 =0x0000000000041b8e, R10=0x000000000106e39d, R11=0x0000000000000001
R12=0x0000000000000006, R13=0x0000000000000030, R14=0x000000000106e3a2, R15=0x000000008c571ce8
RIP=0x0000000000000000, EFLAGS=0x0000000000010a93, CSGSFS=0x002b000000000033, ERR=0x0000000000000014
  TRAPNO=0x000000000000000e

Top of Stack: (sp=0x00007f946dbcbb68)
0x00007f946dbcbb68:   00007f9470b4567d 00007f946dbcbbc0
0x00007f946dbcbb78:   0000000000000006 0000000000000106
0x00007f946dbcbb88:   00007f946dbcbc50 00007f946dbcbc00
0x00007f946dbcbb98:   00007f9470af87ab 0000000000000009
0x00007f946dbcbba8:   0000000000041c00 00007f9471148ce8
0x00007f946dbcbbb8:   00007f9471193d80 0000000001070000
0x00007f946dbcbbc8:   0000000001070000 00007f946dbcbc00
0x00007f946dbcbbd8:   00007f946dbcbc44 0000000000000106
0x00007f946dbcbbe8:   000000008c580000 00007f9468102090
0x00007f946dbcbbf8:   00007f946dbcbc50 00007f946dbcbcc0
0x00007f946dbcbc08:   00007f9470b4c391 00007f9471148ce8
0x00007f946dbcbc18:   00007f946daa7878 0000000001040000
0x00007f946dbcbc28:   00007f946dbcbc44 00007f946dbcbc48
0x00007f946dbcbc38:   00007f9468102090 0000000000000103
0x00007f946dbcbc48:   000000008e416a90 00007f94710be980
0x00007f946dbcbc58:   00007f9471193d80 00007f9468102090
0x00007f946dbcbc68:   00000000000048f3 000000008c571ce8
0x00007f946dbcbc78:   00007f946801ded0 000000008c3db868
0x00007f946dbcbc88:   00007f946dbcbca4 00007f946dbcbca8
0x00007f946dbcbc98:   00007f94680a1af0 00007f947118ff8c
0x00007f946dbcbca8:   00007f9470b3eca0 00007f9468102090
0x00007f946dbcbcb8:   0000000000000002 00007f946dbcbd20
0x00007f946dbcbcc8:   00007f9470b3defd 000000008c38ed00
0x00007f946dbcbcd8:   0000000000000103 0000001600000013
0x00007f946dbcbce8:   0000001700000013 0000000000000000
0x00007f946dbcbcf8:   00007f9468102090 0000000000000003
0x00007f946dbcbd08:   00007f946dbcbd54 0000000000000000
0x00007f946dbcbd18:   0000000000000002 00007f946dbcbda0
0x00007f946dbcbd28:   00007f9470b1f89b 00007f94710be998
0x00007f946dbcbd38:   00007f942c2e54c0 0000000000000000
0x00007f946dbcbd48:   00007f9468102090 7203331168025230
0x00007f946dbcbd58:   00000000000000ff 000000290000001a 

Instructions: (pc=0x0000000000000000)
0xffffffffffffffe0:   

Register to memory mapping:

RAX=0x000000010007ff50 is pointing into metadata
RBX=0x00007f946dbcbc50 is an unknown value
RCX=0x0000000000000003 is an unknown value
RDX=0x000000008c3db868 is an oop

[error occurred during error reporting (printing register info), id 0xb]

Stack: [0x00007f946dacd000,0x00007f946dbcd000],  sp=0x00007f946dbcbb68,  free space=1018k

---------------  P R O C E S S  ---------------

Java Threads: ( => current thread )
  0x00007f9468cde000 JavaThread "Thread-0" [_thread_blocked, id=16351, stack(0x00007f93d04c7000,0x00007f93d05c8000)]
  0x00007f9468c9e000 JavaThread "Hibernate Connection Pool Validation Thread" daemon [_thread_blocked, id=16325, stack(0x00007f93d06c9000,0x00007f93d07ca000)]
  0x00007f9468223000 JavaThread "Hibernate Connection Pool Validation Thread" daemon [_thread_blocked, id=16323, stack(0x00007f93d07ca000,0x00007f93d08cb000)]
  0x00007f9468603800 JavaThread "Hibernate Connection Pool Validation Thread" daemon [_thread_blocked, id=16321, stack(0x00007f93d08cb000,0x00007f93d09cc000)]
  0x00007f9468c9d000 
[error occurred during error reporting (printing all threads), id 0xb]

VM state:at safepoint (normal execution)

VM Mutex/Monitor currently owned by a thread:  ([mutex/lock_event])
[0x00007f946800db70] Threads_lock - owner thread: 0x00007f9468145000
[0x00007f946800e070] Heap_lock - owner thread: 0x00007f9468cde000

heap address: 0x0000000084200000, size: 1982 MB, Compressed Oops mode: 32-bit
Narrow klass base: 0x0000000000000000, Narrow klass shift: 3
Compressed class space size: 1073741824 Address: 0x0000000100000000

Heap:
 PSYoungGen      total 574464K, used 96K [0x00000000d6b80000, 0x00000000ff600000, 0x0000000100000000)
  eden space 527360K, 0% used [0x00000000d6b80000,0x00000000d6b80000,0x00000000f6e80000)
  from space 47104K, 0% used [0x00000000f9d00000,0x00000000f9d18000,0x00000000fcb00000)
  to   space 47616K, 0% used [0x00000000f6e80000,0x00000000f6e80000,0x00000000f9d00000)
 ParOldGen       total 178176K, used 165978K [0x0000000084200000, 0x000000008f000000, 0x00000000d6b80000)
  object space 178176K, 93% used [0x0000000084200000,0x000000008e416a90,0x000000008f000000)
 Metaspace       used 46492K, capacity 47716K, committed 47912K, reserved 1091584K
  class space    used 5395K, capacity 5616K, committed 5672K, reserved 1048576K

Card table byte_map: [0x00007f946e165000,0x00007f946e545000] byte_map_base: 0x00007f946dd44000

Marking Bits: (ParMarkBitMap*) 0x00007f9471193d80
 Begin Bits: [0x00007f9450210000, 0x00007f9452108000)
 End Bits:   [0x00007f9452108000, 0x00007f9454000000)

Polling page: 0x00007f94715f3000

CodeCache: size=245760Kb used=76648Kb max_used=76665Kb free=169111Kb
 bounds [0x00007f9459000000, 0x00007f945db20000, 0x00007f9468000000]
 total_blobs=9293 nmethods=8736 adapters=468
 compilation: enabled

Compilation events (10 events):
Event: 73,296 Thread 0x00007f94681fe800 nmethod 11144 0x00007f945db05bd0 code [0x00007f945db05e20, 0x00007f945db07388]
Event: 73,340 Thread 0x00007f94681fe800 11147       4       java.util.HashMap::keySet (25 bytes)
Event: 73,342 Thread 0x00007f94681fe800 nmethod 11147 0x00007f945b1cb810 code [0x00007f945b1cb960, 0x00007f945b1cba58]
Event: 73,357 Thread 0x00007f9468201000 11148       1       java.util.HashMap$KeySet::size (8 bytes)
Event: 73,357 Thread 0x00007f9468201000 nmethod 11148 0x00007f945b1d6f90 code [0x00007f945b1d70e0, 0x00007f945b1d71f0]
Event: 73,401 Thread 0x00007f94681fe800 11149       4       java.util.HashMap$KeySet::iterator (12 bytes)
Event: 73,407 Thread 0x00007f94681fd000 nmethod 11146 0x00007f945db0bfd0 code [0x00007f945db0c360, 0x00007f945db0e668]
Event: 73,407 Thread 0x00007f94681fe800 nmethod 11149 0x00007f945b1d4c90 code [0x00007f945b1d4e00, 0x00007f945b1d5138]
Event: 73,489 Thread 0x00007f9468201000 11150       3       java.util.concurrent.ConcurrentLinkedQueue::size (41 bytes)
Event: 73,490 Thread 0x00007f9468201000 nmethod 11150 0x00007f945b1ce450 code [0x00007f945b1ce5e0, 0x00007f945b1ce9e8]

GC Heap History (10 events):
Event: 40,792 GC heap after
Heap after GC invocations=15 (full 3):
 PSYoungGen      total 374784K, used 3618K [0x00000000d6b80000, 0x00000000efd00000, 0x0000000100000000)
  eden space 351744K, 0% used [0x00000000d6b80000,0x00000000d6b80000,0x00000000ec300000)
  from space 23040K, 15% used [0x00000000ee680000,0x00000000eea08bc0,0x00000000efd00000)
  to   space 29696K, 0% used [0x00000000ec300000,0x00000000ec300000,0x00000000ee000000)
 ParOldGen       total 178176K, used 87575K [0x0000000084200000, 0x000000008f000000, 0x00000000d6b80000)
  object space 178176K, 49% used [0x0000000084200000,0x0000000089785e28,0x000000008f000000)
 Metaspace       used 44703K, capacity 45814K, committed 45992K, reserved 1089536K
  class space    used 5294K, capacity 5543K, committed 5544K, reserved 1048576K
}
Event: 52,299 GC heap before
{Heap before GC invocations=16 (full 3):
 PSYoungGen      total 374784K, used 355362K [0x00000000d6b80000, 0x00000000efd00000, 0x0000000100000000)
  eden space 351744K, 100% used [0x00000000d6b80000,0x00000000ec300000,0x00000000ec300000)
  from space 23040K, 15% used [0x00000000ee680000,0x00000000eea08bc0,0x00000000efd00000)
  to   space 29696K, 0% used [0x00000000ec300000,0x00000000ec300000,0x00000000ee000000)
 ParOldGen       total 178176K, used 87575K [0x0000000084200000, 0x000000008f000000, 0x00000000d6b80000)
  object space 178176K, 49% used [0x0000000084200000,0x0000000089785e28,0x000000008f000000)
 Metaspace       used 45303K, capacity 46484K, committed 46888K, reserved 1091584K
  class space    used 5306K, capacity 5548K, committed 5672K, reserved 1048576K
Event: 52,346 GC heap after
Heap after GC invocations=16 (full 3):
 PSYoungGen      total 381440K, used 29694K [0x00000000d6b80000, 0x00000000f5d00000, 0x0000000100000000)
  eden space 351744K, 0% used [0x00000000d6b80000,0x00000000d6b80000,0x00000000ec300000)
  from space 29696K, 99% used [0x00000000ec300000,0x00000000edfffb10,0x00000000ee000000)
  to   space 34816K, 0% used [0x00000000f3b00000,0x00000000f3b00000,0x00000000f5d00000)
 ParOldGen       total 178176K, used 88175K [0x0000000084200000, 0x000000008f000000, 0x00000000d6b80000)
  object space 178176K, 49% used [0x0000000084200000,0x000000008981be28,0x000000008f000000)
 Metaspace       used 45303K, capacity 46484K, committed 46888K, reserved 1091584K
  class space    used 5306K, capacity 5548K, committed 5672K, reserved 1048576K
}
Event: 64,211 GC heap before
{Heap before GC invocations=17 (full 3):
 PSYoungGen      total 381440K, used 381438K [0x00000000d6b80000, 0x00000000f5d00000, 0x0000000100000000)
  eden space 351744K, 100% used [0x00000000d6b80000,0x00000000ec300000,0x00000000ec300000)
  from space 29696K, 99% used [0x00000000ec300000,0x00000000edfffb10,0x00000000ee000000)
  to   space 34816K, 0% used [0x00000000f3b00000,0x00000000f3b00000,0x00000000f5d00000)
 ParOldGen       total 178176K, used 88175K [0x0000000084200000, 0x000000008f000000, 0x00000000d6b80000)
  object space 178176K, 49% used [0x0000000084200000,0x000000008981be28,0x000000008f000000)
 Metaspace       used 45708K, capacity 46820K, committed 47144K, reserved 1091584K
  class space    used 5314K, capacity 5550K, committed 5672K, reserved 1048576K
Event: 64,269 GC heap after
Heap after GC invocations=17 (full 3):
 PSYoungGen      total 464384K, used 27086K [0x00000000d6b80000, 0x00000000f5a80000, 0x0000000100000000)
  eden space 432128K, 0% used [0x00000000d6b80000,0x00000000d6b80000,0x00000000f1180000)
  from space 32256K, 83% used [0x00000000f3b00000,0x00000000f55738e0,0x00000000f5a80000)
  to   space 37376K, 0% used [0x00000000f1180000,0x00000000f1180000,0x00000000f3600000)
 ParOldGen       total 178176K, used 117301K [0x0000000084200000, 0x000000008f000000, 0x00000000d6b80000)
  object space 178176K, 65% used [0x0000000084200000,0x000000008b48d608,0x000000008f000000)
 Metaspace       used 45708K, capacity 46820K, committed 47144K, reserved 1091584K
  class space    used 5314K, capacity 5550K, committed 5672K, reserved 1048576K
}
Event: 72,912 GC heap before
{Heap before GC invocations=18 (full 3):
 PSYoungGen      total 464384K, used 459214K [0x00000000d6b80000, 0x00000000f5a80000, 0x0000000100000000)
  eden space 432128K, 100% used [0x00000000d6b80000,0x00000000f1180000,0x00000000f1180000)
  from space 32256K, 83% used [0x00000000f3b00000,0x00000000f55738e0,0x00000000f5a80000)
  to   space 37376K, 0% used [0x00000000f1180000,0x00000000f1180000,0x00000000f3600000)
 ParOldGen       total 178176K, used 117301K [0x0000000084200000, 0x000000008f000000, 0x00000000d6b80000)
  object space 178176K, 65% used [0x0000000084200000,0x000000008b48d608,0x000000008f000000)
 Metaspace       used 46491K, capacity 47716K, committed 47912K, reserved 1091584K
  class space    used 5395K, capacity 5616K, committed 5672K, reserved 1048576K
Event: 72,982 GC heap after
Heap after GC invocations=18 (full 3):
 PSYoungGen      total 469504K, used 37344K [0x00000000d6b80000, 0x00000000fcb00000, 0x0000000100000000)
  eden space 432128K, 0% used [0x00000000d6b80000,0x00000000d6b80000,0x00000000f1180000)
  from space 37376K, 99% used [0x00000000f1180000,0x00000000f35f82b0,0x00000000f3600000)
  to   space 47104K, 0% used [0x00000000f9d00000,0x00000000f9d00000,0x00000000fcb00000)
 ParOldGen       total 178176K, used 128310K [0x0000000084200000, 0x000000008f000000, 0x00000000d6b80000)
  object space 178176K, 72% used [0x0000000084200000,0x000000008bf4d930,0x000000008f000000)
 Metaspace       used 46491K, capacity 47716K, committed 47912K, reserved 1091584K
  class space    used 5395K, capacity 5616K, committed 5672K, reserved 1048576K
}
Event: 73,685 GC heap before
{Heap before GC invocations=19 (full 3):
 PSYoungGen      total 469504K, used 469472K [0x00000000d6b80000, 0x00000000fcb00000, 0x0000000100000000)
  eden space 432128K, 100% used [0x00000000d6b80000,0x00000000f1180000,0x00000000f1180000)
  from space 37376K, 99% used [0x00000000f1180000,0x00000000f35f82b0,0x00000000f3600000)
  to   space 47104K, 0% used [0x00000000f9d00000,0x00000000f9d00000,0x00000000fcb00000)
 ParOldGen       total 178176K, used 128310K [0x0000000084200000, 0x000000008f000000, 0x00000000d6b80000)
  object space 178176K, 72% used [0x0000000084200000,0x000000008bf4d930,0x000000008f000000)
 Metaspace       used 46492K, capacity 47716K, committed 47912K, reserved 1091584K
  class space    used 5395K, capacity 5616K, committed 5672K, reserved 1048576K
Event: 73,718 GC heap after
Heap after GC invocations=19 (full 3):
 PSYoungGen      total 574464K, used 96K [0x00000000d6b80000, 0x00000000ff600000, 0x0000000100000000)
  eden space 527360K, 0% used [0x00000000d6b80000,0x00000000d6b80000,0x00000000f6e80000)
  from space 47104K, 0% used [0x00000000f9d00000,0x00000000f9d18000,0x00000000fcb00000)
  to   space 47616K, 0% used [0x00000000f6e80000,0x00000000f6e80000,0x00000000f9d00000)
 ParOldGen       total 178176K, used 165978K [0x0000000084200000, 0x000000008f000000, 0x00000000d6b80000)
  object space 178176K, 93% used [0x0000000084200000,0x000000008e416a90,0x000000008f000000)
 Metaspace       used 46492K, capacity 47716K, committed 47912K, reserved 1091584K
  class space    used 5395K, capacity 5616K, committed 5672K, reserved 1048576K
}
Event: 73,718 GC heap before
{Heap before GC invocations=20 (full 4):
 PSYoungGen      total 574464K, used 96K [0x00000000d6b80000, 0x00000000ff600000, 0x0000000100000000)
  eden space 527360K, 0% used [0x00000000d6b80000,0x00000000d6b80000,0x00000000f6e80000)
  from space 47104K, 0% used [0x00000000f9d00000,0x00000000f9d18000,0x00000000fcb00000)
  to   space 47616K, 0% used [0x00000000f6e80000,0x00000000f6e80000,0x00000000f9d00000)
 ParOldGen       total 178176K, used 165978K [0x0000000084200000, 0x000000008f000000, 0x00000000d6b80000)
  object space 178176K, 93% used [0x0000000084200000,0x000000008e416a90,0x000000008f000000)
 Metaspace       used 46492K, capacity 47716K, committed 47912K, reserved 1091584K
  class space    used 5395K, capacity 5616K, committed 5672K, reserved 1048576K

Deoptimization events (10 events):
Event: 72,825 Thread 0x00007f9468cde000 Uncommon trap: reason=bimorphic action=maybe_recompile pc=0x00007f945a2cbd4c method=java.util.regex.Pattern$Loop.match(Ljava/util/regex/Matcher;ILjava/lang/CharSequence;)Z @ 139
Event: 72,825 Thread 0x00007f9468cde000 Uncommon trap: reason=class_check action=maybe_recompile pc=0x00007f945b406dec method=java.lang.AbstractStringBuilder.append(Ljava/lang/CharSequence;)Ljava/lang/AbstractStringBuilder; @ 37
Event: 72,825 Thread 0x00007f9468cde000 Uncommon trap: reason=bimorphic action=maybe_recompile pc=0x00007f945a2cbd4c method=java.util.regex.Pattern$Loop.match(Ljava/util/regex/Matcher;ILjava/lang/CharSequence;)Z @ 139
Event: 72,825 Thread 0x00007f9468cde000 Uncommon trap: reason=class_check action=maybe_recompile pc=0x00007f945b406dec method=java.lang.AbstractStringBuilder.append(Ljava/lang/CharSequence;)Ljava/lang/AbstractStringBuilder; @ 37
Event: 72,825 Thread 0x00007f9468cde000 Uncommon trap: reason=bimorphic action=maybe_recompile pc=0x00007f945a2cbd4c method=java.util.regex.Pattern$Loop.match(Ljava/util/regex/Matcher;ILjava/lang/CharSequence;)Z @ 139
Event: 72,825 Thread 0x00007f9468cde000 Uncommon trap: reason=class_check action=maybe_recompile pc=0x00007f945b406dec method=java.lang.AbstractStringBuilder.append(Ljava/lang/CharSequence;)Ljava/lang/AbstractStringBuilder; @ 37
Event: 72,825 Thread 0x00007f9468cde000 Uncommon trap: reason=bimorphic action=maybe_recompile pc=0x00007f945a2cbd4c method=java.util.regex.Pattern$Loop.match(Ljava/util/regex/Matcher;ILjava/lang/CharSequence;)Z @ 139
Event: 72,825 Thread 0x00007f9468cde000 Uncommon trap: reason=class_check action=maybe_recompile pc=0x00007f945b406dec method=java.lang.AbstractStringBuilder.append(Ljava/lang/CharSequence;)Ljava/lang/AbstractStringBuilder; @ 37
Event: 72,853 Thread 0x00007f9468cde000 Uncommon trap: reason=unstable_if action=reinterpret pc=0x00007f9459343c28 method=java.io.BufferedOutputStream.write(I)V @ 9
Event: 72,987 Thread 0x00007f9468cde000 Uncommon trap: reason=unstable_if action=reinterpret pc=0x00007f945ba54e38 method=com.intellij.rt.coverage.util.CoverageIOUtil.writeUTF(Ljava/io/DataOutput;Ljava/lang/String;)V @ 9

Classes redefined (0 events):
No events

Internal exceptions (10 events):
Event: 72,633 Thread 0x00007f9468010800 Exception <a 'java/lang/reflect/InvocationTargetException'> (0x00000000edd3f770) thrown at [/HUDSON/workspace/8-2-build-linux-amd64/jdk8u221/13320/hotspot/src/share/vm/runtime/reflection.cpp, line 1092]
Event: 72,662 Thread 0x00007f9468010800 Implicit null exception at 0x00007f945d22784c to 0x00007f945d22790d
Event: 72,662 Thread 0x00007f9468010800 Exception <a 'java/lang/NullPointerException'> (0x00000000ee373e58) thrown at [/HUDSON/workspace/8-2-build-linux-amd64/jdk8u221/13320/hotspot/src/share/vm/runtime/sharedRuntime.cpp, line 605]
Event: 72,701 Thread 0x00007f9468010800 Implicit null exception at 0x00007f945d22784c to 0x00007f945d22790d
Event: 72,701 Thread 0x00007f9468010800 Exception <a 'java/lang/NullPointerException'> (0x00000000eeae68b8) thrown at [/HUDSON/workspace/8-2-build-linux-amd64/jdk8u221/13320/hotspot/src/share/vm/runtime/sharedRuntime.cpp, line 605]
Event: 72,703 Thread 0x00007f9468010800 Exception <a 'java/lang/reflect/InvocationTargetException'> (0x00000000eeb04428) thrown at [/HUDSON/workspace/8-2-build-linux-amd64/jdk8u221/13320/hotspot/src/share/vm/runtime/reflection.cpp, line 1092]
Event: 72,739 Thread 0x00007f9468010800 Implicit null exception at 0x00007f945d22784c to 0x00007f945d22790d
Event: 72,740 Thread 0x00007f9468010800 Exception <a 'java/lang/NullPointerException'> (0x00000000ef138cf0) thrown at [/HUDSON/workspace/8-2-build-linux-amd64/jdk8u221/13320/hotspot/src/share/vm/runtime/sharedRuntime.cpp, line 605]
Event: 72,760 Thread 0x00007f9468010800 Exception <a 'java/lang/NoSuchMethodError': java.lang.Object.lambda$thenComparing$36697e65$1(Ljava/util/Comparator;Ljava/lang/Object;Ljava/lang/Object;)I> (0x00000000ef39cb18) thrown at [/HUDSON/workspace/8-2-build-linux-amd64/jdk8u221/13320/hotspot/src/s
Event: 72,802 Thread 0x00007f9468cde000 Implicit null exception at 0x00007f9459986ee1 to 0x00007f9459987621

Events (10 events):
Event: 73,260 Thread 0x00007f9468cde000 DEOPT UNPACKING pc=0x00007f9459047784 sp=0x00007f93d05c6468 mode 0
Event: 73,262 Thread 0x00007f9468cde000 DEOPT PACKING pc=0x00007f94593f10ac sp=0x00007f93d05c6630
Event: 73,262 Thread 0x00007f9468cde000 DEOPT UNPACKING pc=0x00007f9459047784 sp=0x00007f93d05c63f0 mode 0
Event: 73,268 Thread 0x00007f9468cde000 DEOPT PACKING pc=0x00007f945b1f3f6e sp=0x00007f93d05c66d0
Event: 73,268 Thread 0x00007f9468cde000 DEOPT UNPACKING pc=0x00007f9459047784 sp=0x00007f93d05c6468 mode 0
Event: 73,272 Thread 0x00007f9468cde000 DEOPT PACKING pc=0x00007f945b1f3f6e sp=0x00007f93d05c66d0
Event: 73,272 Thread 0x00007f9468cde000 DEOPT UNPACKING pc=0x00007f9459047784 sp=0x00007f93d05c6468 mode 0
Event: 73,286 Thread 0x00007f9468cde000 DEOPT PACKING pc=0x00007f945b1f3f6e sp=0x00007f93d05c66d0
Event: 73,286 Thread 0x00007f9468cde000 DEOPT UNPACKING pc=0x00007f9459047784 sp=0x00007f93d05c6468 mode 0
Event: 73,685 Executing VM operation: ParallelGCFailedAllocation


Dynamic libraries:
00400000-00401000 r-xp 00000000 08:01 1446924                            /usr/lib/jvm/jdk1.8.0_221/bin/java
00600000-00601000 r--p 00000000 08:01 1446924                            /usr/lib/jvm/jdk1.8.0_221/bin/java
00601000-00602000 rw-p 00001000 08:01 1446924                            /usr/lib/jvm/jdk1.8.0_221/bin/java
01ea7000-01ec8000 rw-p 00000000 00:00 0                                  [heap]
84200000-8f000000 rw-p 00000000 00:00 0 
8f000000-d6b80000 ---p 00000000 00:00 0 
d6b80000-ff600000 rw-p 00000000 00:00 0 
ff600000-100000000 ---p 00000000 00:00 0 
100000000-10058a000 rw-p 00000000 00:00 0 
10058a000-140000000 ---p 00000000 00:00 0 
7f93d03c6000-7f93d03c9000 ---p 00000000 00:00 0 
7f93d03c9000-7f93d04c7000 rw-p 00000000 00:00 0 
7f93d04c7000-7f93d04ca000 ---p 00000000 00:00 0 
7f93d04ca000-7f93d05c8000 rw-p 00000000 00:00 0 
7f93d05c8000-7f93d05cb000 ---p 00000000 00:00 0 
7f93d05cb000-7f93d06c9000 rw-p 00000000 00:00 0 
7f93d06c9000-7f93d06cc000 ---p 00000000 00:00 0 
7f93d06cc000-7f93d07ca000 rw-p 00000000 00:00 0 
7f93d07ca000-7f93d07cd000 ---p 00000000 00:00 0 
7f93d07cd000-7f93d08cb000 rw-p 00000000 00:00 0 
7f93d08cb000-7f93d08ce000 ---p 00000000 00:00 0 
7f93d08ce000-7f93d09cc000 rw-p 00000000 00:00 0 
7f93d09cc000-7f93d09cf000 ---p 00000000 00:00 0 
7f93d09cf000-7f93d0acd000 rw-p 00000000 00:00 0 
7f93d0acd000-7f93d0ad0000 ---p 00000000 00:00 0 
7f93d0ad0000-7f93d0bce000 rw-p 00000000 00:00 0 
7f93d0bce000-7f93d0bd1000 ---p 00000000 00:00 0 
7f93d0bd1000-7f93d0ccf000 rw-p 00000000 00:00 0 
7f93d0ccf000-7f93d0cd2000 ---p 00000000 00:00 0 
7f93d0cd2000-7f93d0dd0000 rw-p 00000000 00:00 0 
7f93d0dd0000-7f93d0dd3000 ---p 00000000 00:00 0 
7f93d0dd3000-7f93d0ed1000 rw-p 00000000 00:00 0 
7f93d0ed1000-7f93d0ed4000 ---p 00000000 00:00 0 
7f93d0ed4000-7f93d0fd2000 rw-p 00000000 00:00 0 
7f93d0fd2000-7f93d0fd5000 ---p 00000000 00:00 0 
7f93d0fd5000-7f93d10d3000 rw-p 00000000 00:00 0 
7f93d10d3000-7f93d10d6000 ---p 00000000 00:00 0 
7f93d10d6000-7f93d11d4000 rw-p 00000000 00:00 0 
7f93d11d4000-7f93d11d7000 ---p 00000000 00:00 0 
7f93d11d7000-7f93d12d5000 rw-p 00000000 00:00 0 
7f93d12d5000-7f93d12d8000 ---p 00000000 00:00 0 
7f93d12d8000-7f93d13d6000 rw-p 00000000 00:00 0 
7f93d13d6000-7f93d13d9000 ---p 00000000 00:00 0 
7f93d13d9000-7f93d14d7000 rw-p 00000000 00:00 0 
7f93d14d7000-7f93d14da000 ---p 00000000 00:00 0 
7f93d14da000-7f93d15d8000 rw-p 00000000 00:00 0 
7f93d15d8000-7f93d15db000 ---p 00000000 00:00 0 
7f93d15db000-7f93d16d9000 rw-p 00000000 00:00 0 
7f93d16d9000-7f93d16dc000 ---p 00000000 00:00 0 
7f93d16dc000-7f93d17da000 rw-p 00000000 00:00 0 
7f93d17da000-7f93d17dd000 ---p 00000000 00:00 0 
7f93d17dd000-7f93d18db000 rw-p 00000000 00:00 0 
7f93d18db000-7f93d18de000 ---p 00000000 00:00 0 
7f93d18de000-7f93d19dc000 rw-p 00000000 00:00 0 
7f93d19dc000-7f93d19df000 ---p 00000000 00:00 0 
7f93d19df000-7f93d1add000 rw-p 00000000 00:00 0 
7f93d1add000-7f93d1ae0000 ---p 00000000 00:00 0 
7f93d1ae0000-7f93d1bde000 rw-p 00000000 00:00 0 
7f93d1bde000-7f93d1be1000 ---p 00000000 00:00 0 
7f93d1be1000-7f93d1cdf000 rw-p 00000000 00:00 0 
7f93d1cdf000-7f93d1ce2000 ---p 00000000 00:00 0 
7f93d1ce2000-7f93d1de0000 rw-p 00000000 00:00 0 
7f93d1de0000-7f93d1de3000 ---p 00000000 00:00 0 
7f93d1de3000-7f93d1ee1000 rw-p 00000000 00:00 0 
7f93d1ee1000-7f93d1ee4000 ---p 00000000 00:00 0 
7f93d1ee4000-7f93d1fe2000 rw-p 00000000 00:00 0 
7f93d1fe2000-7f93d1fe5000 ---p 00000000 00:00 0 
7f93d1fe5000-7f93d20e3000 rw-p 00000000 00:00 0 
7f93d20e3000-7f93d20e6000 ---p 00000000 00:00 0 
7f93d20e6000-7f93d21e4000 rw-p 00000000 00:00 0 
7f93d21e4000-7f93d21e7000 ---p 00000000 00:00 0 
7f93d21e7000-7f93d22e5000 rw-p 00000000 00:00 0 
7f93d22e5000-7f93d22e8000 ---p 00000000 00:00 0 
7f93d22e8000-7f93d23e6000 rw-p 00000000 00:00 0 
7f93d23e6000-7f93d23e9000 ---p 00000000 00:00 0 
7f93d23e9000-7f93d24e7000 rw-p 00000000 00:00 0 
7f93d24e7000-7f93d24ea000 ---p 00000000 00:00 0 
7f93d24ea000-7f93d25e8000 rw-p 00000000 00:00 0 
7f93d25e8000-7f93d25eb000 ---p 00000000 00:00 0 
7f93d25eb000-7f93d26e9000 rw-p 00000000 00:00 0 
7f93d26e9000-7f93d26ec000 ---p 00000000 00:00 0 
7f93d26ec000-7f93d27ea000 rw-p 00000000 00:00 0 
7f93d27ea000-7f93d27ed000 ---p 00000000 00:00 0 
7f93d27ed000-7f93d2a2b000 rw-p 00000000 00:00 0 
7f93d2a2b000-7f93d2aeb000 ---p 00000000 00:00 0 
7f93d2aeb000-7f93d2aee000 ---p 00000000 00:00 0 
7f93d2aee000-7f93d2bec000 rw-p 00000000 00:00 0 
7f93d2bec000-7f93d2bef000 ---p 00000000 00:00 0 
7f93d2bef000-7f93d2ced000 rw-p 00000000 00:00 0 
7f93d2ced000-7f93d2cf0000 ---p 00000000 00:00 0 
7f93d2cf0000-7f93d2dee000 rw-p 00000000 00:00 0 
7f93d2dee000-7f93d2df1000 ---p 00000000 00:00 0 
7f93d2df1000-7f93d2eef000 rw-p 00000000 00:00 0 
7f93d2eef000-7f93d2ef2000 ---p 00000000 00:00 0 
7f93d2ef2000-7f93d2ff0000 rw-p 00000000 00:00 0 
7f93d2ff0000-7f93d2ff3000 ---p 00000000 00:00 0 
7f93d2ff3000-7f93d30f1000 rw-p 00000000 00:00 0 
7f93d30f1000-7f93d30f4000 ---p 00000000 00:00 0 
7f93d30f4000-7f93d31f2000 rw-p 00000000 00:00 0 
7f93d31f2000-7f93d31f5000 ---p 00000000 00:00 0 
7f93d31f5000-7f93d32f3000 rw-p 00000000 00:00 0 
7f93d32f3000-7f93d32f6000 ---p 00000000 00:00 0 
7f93d32f6000-7f93d33f4000 rw-p 00000000 00:00 0 
7f93d33f4000-7f93d33f7000 ---p 00000000 00:00 0 
7f93d33f7000-7f93d34f5000 rw-p 00000000 00:00 0 
7f93d34f5000-7f93d34f8000 ---p 00000000 00:00 0 
7f93d34f8000-7f93d35f6000 rw-p 00000000 00:00 0 
7f93d35f6000-7f93d35f9000 ---p 00000000 00:00 0 
7f93d35f9000-7f93d36f7000 rw-p 00000000 00:00 0 
7f93d36f7000-7f93d36fa000 ---p 00000000 00:00 0 
7f93d36fa000-7f93d37f8000 rw-p 00000000 00:00 0 
7f93d37f8000-7f93d37fb000 ---p 00000000 00:00 0 
7f93d37fb000-7f93d38f9000 rw-p 00000000 00:00 0 
7f93d38f9000-7f93d38fc000 ---p 00000000 00:00 0 
7f93d38fc000-7f93d39fa000 rw-p 00000000 00:00 0 
7f93d39fa000-7f93d39fd000 ---p 00000000 00:00 0 
7f93d39fd000-7f93d3afb000 rw-p 00000000 00:00 0 
7f93d3afb000-7f93d3afe000 ---p 00000000 00:00 0 
7f93d3afe000-7f93d3bfc000 rw-p 00000000 00:00 0 
7f93d3bfc000-7f93d3bff000 ---p 00000000 00:00 0 
7f93d3bff000-7f93d3cfd000 rw-p 00000000 00:00 0 
7f93d3cfd000-7f93d3d00000 ---p 00000000 00:00 0 
7f93d3d00000-7f93d3dfe000 rw-p 00000000 00:00 0 
7f93d3dfe000-7f93d3e01000 ---p 00000000 00:00 0 
7f93d3e01000-7f93d3eff000 rw-p 00000000 00:00 0 
7f93d3eff000-7f93d3f02000 ---p 00000000 00:00 0 
7f93d3f02000-7f93d4000000 rw-p 00000000 00:00 0 
7f93d4000000-7f93d4021000 rw-p 00000000 00:00 0 
7f93d4021000-7f93d8000000 ---p 00000000 00:00 0 
7f93d8000000-7f93d8021000 rw-p 00000000 00:00 0 
7f93d8021000-7f93dc000000 ---p 00000000 00:00 0 
7f93dc000000-7f93dc021000 rw-p 00000000 00:00 0 
7f93dc021000-7f93e0000000 ---p 00000000 00:00 0 
7f93e0000000-7f93e0021000 rw-p 00000000 00:00 0 
7f93e0021000-7f93e4000000 ---p 00000000 00:00 0 
7f93e4000000-7f93e4021000 rw-p 00000000 00:00 0 
7f93e4021000-7f93e8000000 ---p 00000000 00:00 0 
7f93e8000000-7f93e8021000 rw-p 00000000 00:00 0 
7f93e8021000-7f93ec000000 ---p 00000000 00:00 0 
7f93ec000000-7f93ec021000 rw-p 00000000 00:00 0 
7f93ec021000-7f93f0000000 ---p 00000000 00:00 0 
7f93f0000000-7f93f0021000 rw-p 00000000 00:00 0 
7f93f0021000-7f93f4000000 ---p 00000000 00:00 0 
7f93f4000000-7f93f4021000 rw-p 00000000 00:00 0 
7f93f4021000-7f93f8000000 ---p 00000000 00:00 0 
7f93f8000000-7f93f8021000 rw-p 00000000 00:00 0 
7f93f8021000-7f93fc000000 ---p 00000000 00:00 0 
7f93fc000000-7f93fc021000 rw-p 00000000 00:00 0 
7f93fc021000-7f9400000000 ---p 00000000 00:00 0 
7f9400000000-7f9400021000 rw-p 00000000 00:00 0 
7f9400021000-7f9404000000 ---p 00000000 00:00 0 
7f9404000000-7f9404021000 rw-p 00000000 00:00 0 
7f9404021000-7f9408000000 ---p 00000000 00:00 0 
7f9408000000-7f9408021000 rw-p 00000000 00:00 0 
7f9408021000-7f940c000000 ---p 00000000 00:00 0 
7f940c000000-7f940c021000 rw-p 00000000 00:00 0 
7f940c021000-7f9410000000 ---p 00000000 00:00 0 
7f9410099000-7f941009c000 ---p 00000000 00:00 0 
7f941009c000-7f941019a000 rw-p 00000000 00:00 0 
7f941019a000-7f941019d000 ---p 00000000 00:00 0 
7f941019d000-7f941029b000 rw-p 00000000 00:00 0 
7f941029b000-7f941029e000 ---p 00000000 00:00 0 
7f941029e000-7f941039c000 rw-p 00000000 00:00 0 
7f941039c000-7f941039f000 ---p 00000000 00:00 0 
7f941039f000-7f941049d000 rw-p 00000000 00:00 0 
7f941049d000-7f94104a0000 ---p 00000000 00:00 0 
7f94104a0000-7f941059e000 rw-p 00000000 00:00 0 
7f941059e000-7f94105a1000 ---p 00000000 00:00 0 
7f94105a1000-7f941069f000 rw-p 00000000 00:00 0 
7f941069f000-7f94106a2000 ---p 00000000 00:00 0 
7f94106a2000-7f94107a0000 rw-p 00000000 00:00 0 
7f94107a0000-7f94107a3000 ---p 00000000 00:00 0 
7f94107a3000-7f94108a1000 rw-p 00000000 00:00 0 
7f94108a1000-7f94108a4000 ---p 00000000 00:00 0 
7f94108a4000-7f94109a2000 rw-p 00000000 00:00 0 
7f94109a2000-7f94109a5000 ---p 00000000 00:00 0 
7f94109a5000-7f9410aa3000 rw-p 00000000 00:00 0 
7f9410aa3000-7f9410aa6000 ---p 00000000 00:00 0 
7f9410aa6000-7f9410ba4000 rw-p 00000000 00:00 0 
7f9410ba4000-7f9410ba7000 ---p 00000000 00:00 0 
7f9410ba7000-7f9410ca5000 rw-p 00000000 00:00 0 
7f9410ca5000-7f9410ca8000 ---p 00000000 00:00 0 
7f9410ca8000-7f9410da6000 rw-p 00000000 00:00 0 
7f9410da6000-7f9410da9000 ---p 00000000 00:00 0 
7f9410da9000-7f9410ea7000 rw-p 00000000 00:00 0 
7f9410ea7000-7f9410eaa000 ---p 00000000 00:00 0 
7f9410eaa000-7f9410fa8000 rw-p 00000000 00:00 0 
7f9410fa8000-7f9410fab000 ---p 00000000 00:00 0 
7f9410fab000-7f94110a9000 rw-p 00000000 00:00 0 
7f94110a9000-7f94110ac000 ---p 00000000 00:00 0 
7f94110ac000-7f94111aa000 rw-p 00000000 00:00 0 
7f94111aa000-7f94111ad000 ---p 00000000 00:00 0 
7f94111ad000-7f94112ab000 rw-p 00000000 00:00 0 
7f94112ab000-7f94112ae000 ---p 00000000 00:00 0 
7f94112ae000-7f94113ac000 rw-p 00000000 00:00 0 
7f94113ac000-7f94113af000 ---p 00000000 00:00 0 
7f94113af000-7f94114ad000 rw-p 00000000 00:00 0 
7f94114ad000-7f94114b0000 ---p 00000000 00:00 0 
7f94114b0000-7f94115ae000 rw-p 00000000 00:00 0 
7f94115ae000-7f94115b1000 ---p 00000000 00:00 0 
7f94115b1000-7f94116af000 rw-p 00000000 00:00 0 
7f94116af000-7f94116b2000 ---p 00000000 00:00 0 
7f94116b2000-7f94117b0000 rw-p 00000000 00:00 0 
7f94117b0000-7f94117b3000 ---p 00000000 00:00 0 
7f94117b3000-7f9411ab1000 rw-p 00000000 00:00 0 
7f9411ab1000-7f9411ab4000 ---p 00000000 00:00 0 
7f9411ab4000-7f9411bb2000 rw-p 00000000 00:00 0 
7f9411bb2000-7f9411bb5000 ---p 00000000 00:00 0 
7f9411bb5000-7f9411cb3000 rw-p 00000000 00:00 0 
7f9411cb3000-7f9411cb6000 ---p 00000000 00:00 0 
7f9411cb6000-7f9411db4000 rw-p 00000000 00:00 0 
7f9411db4000-7f9411db7000 ---p 00000000 00:00 0 
7f9411db7000-7f9411eb5000 rw-p 00000000 00:00 0 
7f9411eb5000-7f9411eb8000 ---p 00000000 00:00 0 
7f9411eb8000-7f9411fb6000 rw-p 00000000 00:00 0 
7f9411fb6000-7f9411fb9000 ---p 00000000 00:00 0 
7f9411fb9000-7f94120b7000 rw-p 00000000 00:00 0 
7f94120b7000-7f94120ba000 ---p 00000000 00:00 0 
7f94120ba000-7f94121b8000 rw-p 00000000 00:00 0 
7f94121b8000-7f94121bb000 ---p 00000000 00:00 0 
7f94121bb000-7f94122b9000 rw-p 00000000 00:00 0 
7f94122b9000-7f94122bc000 ---p 00000000 00:00 0 
7f94122bc000-7f94123ba000 rw-p 00000000 00:00 0 
7f94123ba000-7f94123bd000 ---p 00000000 00:00 0 
7f94123bd000-7f94124bb000 rw-p 00000000 00:00 0 
7f94124bb000-7f94124be000 ---p 00000000 00:00 0 
7f94124be000-7f94125bc000 rw-p 00000000 00:00 0 
7f94125bc000-7f94125bf000 ---p 00000000 00:00 0 
7f94125bf000-7f94126bd000 rw-p 00000000 00:00 0 
7f94126bd000-7f94126c0000 ---p 00000000 00:00 0 
7f94126c0000-7f94127be000 rw-p 00000000 00:00 0 
7f94127be000-7f94127c1000 ---p 00000000 00:00 0 
7f94127c1000-7f94128bf000 rw-p 00000000 00:00 0 
7f94128bf000-7f94128c2000 ---p 00000000 00:00 0 
7f94128c2000-7f9412bc0000 rw-p 00000000 00:00 0 
7f9412bc0000-7f9412bc3000 ---p 00000000 00:00 0 
7f9412bc3000-7f9412cc1000 rw-p 00000000 00:00 0 
7f9412cc1000-7f9412cc4000 ---p 00000000 00:00 0 
7f9412cc4000-7f9412fc2000 rw-p 00000000 00:00 0 
7f9412fc2000-7f94131c2000 rw-p 00000000 00:00 0 
7f94131c2000-7f94133c2000 rw-p 00000000 00:00 0 
7f94133c2000-7f94135c2000 rw-p 00000000 00:00 0 
7f94135c2000-7f94137c2000 rw-p 00000000 00:00 0 
7f94137c2000-7f94139c2000 rw-p 00000000 00:00 0 
7f94139c2000-7f9413bc2000 rw-p 00000000 00:00 0 
7f9413bc2000-7f9413bfa000 r-xp 00000000 08:01 2232543                    /usr/lib/jvm/jdk1.8.0_221/jre/lib/amd64/libsunec.so
7f9413bfa000-7f9413df9000 ---p 00038000 08:01 2232543                    /usr/lib/jvm/jdk1.8.0_221/jre/lib/amd64/libsunec.so
7f9413df9000-7f9413dfe000 r--p 00037000 08:01 2232543                    /usr/lib/jvm/jdk1.8.0_221/jre/lib/amd64/libsunec.so
7f9413dfe000-7f9413e00000 rw-p 0003c000 08:01 2232543                    /usr/lib/jvm/jdk1.8.0_221/jre/lib/amd64/libsunec.so
7f9413e00000-7f9414000000 rw-p 00000000 00:00 0 
7f9414000000-7f9414021000 rw-p 00000000 00:00 0 
7f9414021000-7f9418000000 ---p 00000000 00:00 0 
7f9418000000-7f9418021000 rw-p 00000000 00:00 0 
7f9418021000-7f941c000000 ---p 00000000 00:00 0 
7f941c000000-7f941c021000 rw-p 00000000 00:00 0 
7f941c021000-7f9420000000 ---p 00000000 00:00 0 
7f9420000000-7f94222f5000 rw-p 00000000 00:00 0 
7f94222f5000-7f9424000000 ---p 00000000 00:00 0 
7f9424000000-7f9425f14000 rw-p 00000000 00:00 0 
7f9425f14000-7f9428000000 ---p 00000000 00:00 0 
7f942808e000-7f9428091000 ---p 00000000 00:00 0 
7f9428091000-7f942838f000 rw-p 00000000 00:00 0 
7f942838f000-7f942858f000 rw-p 00000000 00:00 0 
7f942858f000-7f942878f000 rw-p 00000000 00:00 0 
7f942878f000-7f942898f000 rw-p 00000000 00:00 0 
7f94289a7000-7f94289aa000 r--p 00000000 08:01 262319                     /usr/lib/x86_64-linux-gnu/libgcc_s.so.1
7f94289aa000-7f94289bb000 r-xp 00003000 08:01 262319                     /usr/lib/x86_64-linux-gnu/libgcc_s.so.1
7f94289bb000-7f94289bf000 r--p 00014000 08:01 262319                     /usr/lib/x86_64-linux-gnu/libgcc_s.so.1
7f94289bf000-7f94289c0000 r--p 00017000 08:01 262319                     /usr/lib/x86_64-linux-gnu/libgcc_s.so.1
7f94289c0000-7f94289c1000 rw-p 00018000 08:01 262319                     /usr/lib/x86_64-linux-gnu/libgcc_s.so.1
7f94289d6000-7f9428bd6000 rw-p 00000000 00:00 0 
7f9428bd6000-7f9428be7000 r-xp 00000000 08:01 2232774                    /usr/lib/jvm/jdk1.8.0_221/jre/lib/amd64/libnio.so
7f9428be7000-7f9428de6000 ---p 00011000 08:01 2232774                    /usr/lib/jvm/jdk1.8.0_221/jre/lib/amd64/libnio.so
7f9428de6000-7f9428de7000 r--p 00010000 08:01 2232774                    /usr/lib/jvm/jdk1.8.0_221/jre/lib/amd64/libnio.so
7f9428de7000-7f9428de8000 rw-p 00011000 08:01 2232774                    /usr/lib/jvm/jdk1.8.0_221/jre/lib/amd64/libnio.so
7f9428de8000-7f942bde9000 rw-p 00000000 00:00 0 
7f942bde9000-7f942bdff000 r-xp 00000000 08:01 2232536                    /usr/lib/jvm/jdk1.8.0_221/jre/lib/amd64/libnet.so
7f942bdff000-7f942bffe000 ---p 00016000 08:01 2232536                    /usr/lib/jvm/jdk1.8.0_221/jre/lib/amd64/libnet.so
7f942bffe000-7f942bfff000 r--p 00015000 08:01 2232536                    /usr/lib/jvm/jdk1.8.0_221/jre/lib/amd64/libnet.so
7f942bfff000-7f942c000000 rw-p 00016000 08:01 2232536                    /usr/lib/jvm/jdk1.8.0_221/jre/lib/amd64/libnet.so
7f942c000000-7f942d610000 rw-p 00000000 00:00 0 
7f942d610000-7f9430000000 ---p 00000000 00:00 0 
7f9430000000-7f9430021000 rw-p 00000000 00:00 0 
7f9430021000-7f9434000000 ---p 00000000 00:00 0 
7f9434000000-7f9434021000 rw-p 00000000 00:00 0 
7f9434021000-7f9438000000 ---p 00000000 00:00 0 
7f9438000000-7f9438021000 rw-p 00000000 00:00 0 
7f9438021000-7f943c000000 ---p 00000000 00:00 0 
7f943c000000-7f943c021000 rw-p 00000000 00:00 0 
7f943c021000-7f9440000000 ---p 00000000 00:00 0 
7f9440000000-7f9440021000 rw-p 00000000 00:00 0 
7f9440021000-7f9444000000 ---p 00000000 00:00 0 
7f9444000000-7f9444021000 rw-p 00000000 00:00 0 
7f9444021000-7f9448000000 ---p 00000000 00:00 0 
7f9448000000-7f9448021000 rw-p 00000000 00:00 0 
7f9448021000-7f944c000000 ---p 00000000 00:00 0 
7f944c000000-7f944c021000 rw-p 00000000 00:00 0 
7f944c021000-7f9450000000 ---p 00000000 00:00 0 
7f945000a000-7f9450010000 r--s 0003f000 08:01 2232501                    /usr/lib/jvm/jdk1.8.0_221/jre/lib/ext/sunjce_provider.jar
7f9450010000-7f9450210000 rw-p 00000000 00:00 0 
7f9450210000-7f9454000000 rw-p 00000000 00:00 0 
7f9454000000-7f9454021000 rw-p 00000000 00:00 0 
7f9454021000-7f9458000000 ---p 00000000 00:00 0 
7f9458000000-7f9458003000 r--s 0001a000 08:01 1848996                    /usr/lib/jvm/jdk1.8.0_221/jre/lib/jce.jar
7f9458003000-7f9458008000 r--s 000a3000 08:01 1849013                    /usr/lib/jvm/jdk1.8.0_221/jre/lib/jsse.jar
7f9458008000-7f945800b000 ---p 00000000 00:00 0 
7f945800b000-7f9458109000 rw-p 00000000 00:00 0 
7f9458109000-7f945810e000 r--s 0002e000 08:01 3014815                    /home/martin/.m2/repository/org/junit/jupiter/junit-jupiter-engine/5.6.0-M1/junit-jupiter-engine-5.6.0-M1.jar
7f945810e000-7f945811b000 r--s 0007b000 08:01 3014821                    /home/martin/.m2/repository/org/junit/jupiter/junit-jupiter-params/5.6.0-M1/junit-jupiter-params-5.6.0-M1.jar
7f945811b000-7f945811f000 r--s 00020000 08:01 2895122                    /home/martin/.m2/repository/org/junit/jupiter/junit-jupiter-api/5.6.0-M1/junit-jupiter-api-5.6.0-M1.jar
7f945811f000-7f9458125000 r--s 00047000 08:01 5115397                    /home/martin/.m2/repository/com/sun/xml/fastinfoset/FastInfoset/1.2.15/FastInfoset-1.2.15.jar
7f9458125000-7f94581ab000 r--s 00649000 08:01 5115375                    /home/martin/.m2/repository/org/hibernate/hibernate-core/5.4.4.Final/hibernate-core-5.4.4.Final.jar
7f94581ab000-7f94581f2000 r--s 002d9000 08:01 5115373                    /home/martin/.m2/repository/net/bytebuddy/byte-buddy/1.9.11/byte-buddy-1.9.11.jar
7f94581f2000-7f94581f3000 ---p 00000000 00:00 0 
7f94581f3000-7f94582f3000 rw-p 00000000 00:00 0 
7f94582f3000-7f94582f6000 ---p 00000000 00:00 0 
7f94582f6000-7f94583f4000 rw-p 00000000 00:00 0 
7f94583f4000-7f94583f5000 ---p 00000000 00:00 0 
7f94583f5000-7f94583f8000 ---p 00000000 00:00 0 
7f94583f8000-7f94584f5000 rw-p 00000000 00:00 0 
7f94584f5000-7f94584f6000 ---p 00000000 00:00 0 
7f94584f6000-7f94584f9000 ---p 00000000 00:00 0 
7f94584f9000-7f94585f6000 rw-p 00000000 00:00 0 
7f94585f6000-7f94585f7000 ---p 00000000 00:00 0 
7f94585f7000-7f94585fa000 ---p 00000000 00:00 0 
7f94585fa000-7f94586f7000 rw-p 00000000 00:00 0 
7f94586f7000-7f94586fa000 ---p 00000000 00:00 0 
7f94586fa000-7f94587f8000 rw-p 00000000 00:00 0 
7f94587f8000-7f94587fb000 ---p 00000000 00:00 0 
7f94587fb000-7f94588f9000 rw-p 00000000 00:00 0 
7f94588f9000-7f94588fc000 ---p 00000000 00:00 0 
7f94588fc000-7f94589fa000 rw-p 00000000 00:00 0 
7f94589fa000-7f94589fd000 ---p 00000000 00:00 0 
7f94589fd000-7f9458afb000 rw-p 00000000 00:00 0 
7f9458afb000-7f9458afc000 ---p 00000000 00:00 0 
7f9458afc000-7f9459000000 rw-p 00000000 00:00 0 
7f9459000000-7f945db20000 rwxp 00000000 00:00 0 
7f945db20000-7f9468000000 ---p 00000000 00:00 0 
7f9468000000-7f946900a000 rw-p 00000000 00:00 0 
7f946900a000-7f946c000000 ---p 00000000 00:00 0 
7f946c000000-7f946c001000 r--s 0000e000 08:01 2232498                    /usr/lib/jvm/jdk1.8.0_221/jre/lib/ext/sunec.jar
7f946c001000-7f946c002000 r--s 00001000 08:01 2895121                    /home/martin/.m2/repository/org/junit/jupiter/junit-jupiter/5.6.0-M1/junit-jupiter-5.6.0-M1.jar
7f946c002000-7f946c003000 r--s 00008000 08:01 5115395                    /home/martin/.m2/repository/org/jvnet/staxex/stax-ex/1.8/stax-ex-1.8.jar
7f946c003000-7f946c005000 r--s 00005000 08:01 5115393                    /home/martin/.m2/repository/com/sun/istack/istack-commons-runtime/3.0.7/istack-commons-runtime-3.0.7.jar
7f946c005000-7f946c008000 r--s 0000f000 08:01 5115391                    /home/martin/.m2/repository/org/glassfish/jaxb/txw2/2.3.1/txw2-2.3.1.jar
7f946c008000-7f946c01c000 r--s 000f7000 08:01 5115389                    /home/martin/.m2/repository/org/glassfish/jaxb/jaxb-runtime/2.3.1/jaxb-runtime-2.3.1.jar
7f946c01c000-7f946c020000 r--s 0001c000 08:01 5115387                    /home/martin/.m2/repository/javax/xml/bind/jaxb-api/2.3.1/jaxb-api-2.3.1.jar
7f946c020000-7f946c022000 r--s 0000c000 08:01 5115385                    /home/martin/.m2/repository/javax/activation/javax.activation-api/1.2.0/javax.activation-api-1.2.0.jar
7f946c022000-7f946c024000 r--s 0000e000 08:01 5115383                    /home/martin/.m2/repository/com/fasterxml/classmate/1.3.4/classmate-1.3.4.jar
7f946c024000-7f946c027000 r--s 0002b000 08:01 5115381                    /home/martin/.m2/repository/org/jboss/jandex/2.0.5.Final/jandex-2.0.5.Final.jar
7f946c027000-7f946c02c000 r--s 00068000 08:01 5115379                    /home/martin/.m2/repository/antlr/antlr/2.7.7/antlr-2.7.7.jar
7f946c02c000-7f946c036000 r--s 000b4000 08:01 5115377                    /home/martin/.m2/repository/org/javassist/javassist/3.24.0-GA/javassist-3.24.0-GA.jar
7f946c036000-7f946c038000 r--s 00005000 08:01 4591721                    /home/martin/.m2/repository/org/jboss/spec/javax/transaction/jboss-transaction-api_1.2_spec/1.1.1.Final/jboss-transaction-api_1.2_spec-1.1.1.Final.jar
7f946c038000-7f946c03e000 r--s 00023000 08:01 5115371                    /home/martin/.m2/repository/javax/persistence/javax.persistence-api/2.2/javax.persistence-api-2.2.jar
7f946c03e000-7f946c041000 r--s 00010000 08:01 5115369                    /home/martin/.m2/repository/org/hibernate/common/hibernate-commons-annotations/5.1.0.Final/hibernate-commons-annotations-5.1.0.Final.jar
7f946c041000-7f946c046000 r--s 0004b000 08:01 5115367                    /home/martin/.m2/repository/org/dom4j/dom4j/2.1.1/dom4j-2.1.1.jar
7f946c046000-7f946c048000 r--s 0000f000 08:01 3935052                    /home/martin/.m2/repository/org/jboss/logging/jboss-logging/3.3.2.Final/jboss-logging-3.3.2.Final.jar
7f946c048000-7f946c049000 r--s 00000000 08:01 3676781                    /home/martin/.m2/repository/org/hibernate/hibernate-entitymanager/5.4.4.Final/hibernate-entitymanager-5.4.4.Final.jar
7f946c049000-7f946c054000 r--s 000c3000 08:01 3282385                    /home/martin/.m2/repository/org/postgresql/postgresql/42.2.6/postgresql-42.2.6.jar
7f946c054000-7f946c055000 r--s 00006000 08:01 1838436                    /home/martin/eclipse-workspace/UyTube/lib/javax.servlet.jsp.jstl.jar
7f946c055000-7f946c058000 r--s 00011000 08:01 1838435                    /home/martin/eclipse-workspace/UyTube/lib/javax.servlet.jsp.jar
7f946c058000-7f946c05b000 r--s 0000f000 08:01 1838433                    /home/martin/eclipse-workspace/UyTube/lib/javax.servlet.jar
7f946c05b000-7f946c05e000 r--s 00008000 08:01 1838036                    /home/martin/eclipse-workspace/UyTube/lib/javax.resource.jar
7f946c05e000-7f946c060000 r--s 00005000 08:01 1838432                    /home/martin/eclipse-workspace/UyTube/lib/javax.jms.jar
7f946c060000-7f946c063000 r--s 00009000 08:01 1835643                    /home/martin/eclipse-workspace/UyTube/lib/javax.ejb.jar
7f946c063000-7f946c064000 r--s 00001000 08:01 1838430                    /home/martin/eclipse-workspace/UyTube/lib/javax.annotation.jar
7f946c064000-7f946c077000 r--s 000d6000 08:01 1848985                    /usr/lib/jvm/jdk1.8.0_221/jre/lib/plugin.jar
7f946c077000-7f946c078000 r--s 00000000 08:01 1849024                    /usr/lib/jvm/jdk1.8.0_221/jre/lib/management-agent.jar
7f946c078000-7f946c07a000 r--s 00007000 08:01 1849018                    /usr/lib/jvm/jdk1.8.0_221/jre/lib/jfxswt.jar
7f946c07a000-7f946c084000 r--s 0006e000 08:01 1849006                    /usr/lib/jvm/jdk1.8.0_221/jre/lib/javaws.jar
7f946c084000-7f946c09f000 r--s 0020c000 08:01 1848986                    /usr/lib/jvm/jdk1.8.0_221/jre/lib/deploy.jar
7f946c09f000-7f946c0a1000 r--s 00009000 08:01 5645629                    /home/martin/.m2/repository/org/hamcrest/hamcrest-core/1.3/hamcrest-core-1.3.jar
7f946c0a1000-7f946c0a9000 r--s 00045000 08:01 5646295                    /home/martin/.m2/repository/junit/junit/4.12/junit-4.12.jar
7f946c0a9000-7f946c0ab000 r--s 0000e000 08:01 3676057                    /home/martin/.m2/repository/org/junit/vintage/junit-vintage-engine/5.6.0-M1/junit-vintage-engine-5.6.0-M1.jar
7f946c0ab000-7f946c0be000 r--s 00345000 08:01 1849005                    /usr/lib/jvm/jdk1.8.0_221/jre/lib/resources.jar
7f946c0be000-7f946c0c0000 r--s 00016000 08:01 3014819                    /home/martin/.m2/repository/org/junit/platform/junit-platform-commons/1.6.0-M1/junit-platform-commons-1.6.0-M1.jar
7f946c0c0000-7f946cc1b000 rw-p 00000000 00:00 0 
7f946cc1b000-7f946cdf5000 r--s 03d88000 08:01 1848991                    /usr/lib/jvm/jdk1.8.0_221/jre/lib/rt.jar
7f946cdf5000-7f946dacc000 rw-p 00000000 00:00 0 
7f946dacc000-7f946dacd000 ---p 00000000 00:00 0 
7f946dacd000-7f946dbcd000 rw-p 00000000 00:00 0 
7f946dbcd000-7f946dbce000 ---p 00000000 00:00 0 
7f946dbce000-7f946dcce000 rw-p 00000000 00:00 0 
7f946dcce000-7f946dccf000 ---p 00000000 00:00 0 
7f946dccf000-7f946ddcf000 rw-p 00000000 00:00 0 
7f946ddcf000-7f946ddd0000 ---p 00000000 00:00 0 
7f946ddd0000-7f946df27000 rw-p 00000000 00:00 0 
7f946df27000-7f946e165000 ---p 00000000 00:00 0 
7f946e165000-7f946e1bc000 rw-p 00000000 00:00 0 
7f946e1bc000-7f946e3f9000 ---p 00000000 00:00 0 
7f946e3f9000-7f946e53f000 rw-p 00000000 00:00 0 
7f946e53f000-7f946e544000 ---p 00000000 00:00 0 
7f946e544000-7f946e672000 rw-p 00000000 00:00 0 
7f946e672000-7f946e905000 ---p 00000000 00:00 0 
7f946e905000-7f946e920000 r-xp 00000000 08:01 2232559                    /usr/lib/jvm/jdk1.8.0_221/jre/lib/amd64/libzip.so
7f946e920000-7f946eb1f000 ---p 0001b000 08:01 2232559                    /usr/lib/jvm/jdk1.8.0_221/jre/lib/amd64/libzip.so
7f946eb1f000-7f946eb20000 r--p 0001a000 08:01 2232559                    /usr/lib/jvm/jdk1.8.0_221/jre/lib/amd64/libzip.so
7f946eb20000-7f946eb21000 rw-p 0001b000 08:01 2232559                    /usr/lib/jvm/jdk1.8.0_221/jre/lib/amd64/libzip.so
7f946eb21000-7f946eb24000 r--p 00000000 08:01 270679                     /usr/lib/x86_64-linux-gnu/libnss_files-2.29.so
7f946eb24000-7f946eb2b000 r-xp 00003000 08:01 270679                     /usr/lib/x86_64-linux-gnu/libnss_files-2.29.so
7f946eb2b000-7f946eb2d000 r--p 0000a000 08:01 270679                     /usr/lib/x86_64-linux-gnu/libnss_files-2.29.so
7f946eb2d000-7f946eb2e000 r--p 0000b000 08:01 270679                     /usr/lib/x86_64-linux-gnu/libnss_files-2.29.so
7f946eb2e000-7f946eb2f000 rw-p 0000c000 08:01 270679                     /usr/lib/x86_64-linux-gnu/libnss_files-2.29.so
7f946eb2f000-7f946eb35000 rw-p 00000000 00:00 0 
7f946eb35000-7f946eb39000 r--s 00026000 08:01 3282244                    /home/martin/.m2/repository/org/junit/platform/junit-platform-engine/1.6.0-M1/junit-platform-engine-1.6.0-M1.jar
7f946eb39000-7f946eb4a000 r--s 000cb000 08:01 4067875                    /home/martin/idea/lib/intellij-coverage-agent-1.0.508.jar
7f946eb4a000-7f946f925000 r--p 00000000 08:01 269312                     /usr/lib/locale/locale-archive
7f946f925000-7f946f92f000 r-xp 00000000 08:01 2232561                    /usr/lib/jvm/jdk1.8.0_221/jre/lib/amd64/libinstrument.so
7f946f92f000-7f946fb2e000 ---p 0000a000 08:01 2232561                    /usr/lib/jvm/jdk1.8.0_221/jre/lib/amd64/libinstrument.so
7f946fb2e000-7f946fb2f000 r--p 00009000 08:01 2232561                    /usr/lib/jvm/jdk1.8.0_221/jre/lib/amd64/libinstrument.so
7f946fb2f000-7f946fb30000 rw-p 0000a000 08:01 2232561                    /usr/lib/jvm/jdk1.8.0_221/jre/lib/amd64/libinstrument.so
7f946fb30000-7f946fb5c000 r-xp 00000000 08:01 2232550                    /usr/lib/jvm/jdk1.8.0_221/jre/lib/amd64/libjava.so
7f946fb5c000-7f946fd5c000 ---p 0002c000 08:01 2232550                    /usr/lib/jvm/jdk1.8.0_221/jre/lib/amd64/libjava.so
7f946fd5c000-7f946fd5d000 r--p 0002c000 08:01 2232550                    /usr/lib/jvm/jdk1.8.0_221/jre/lib/amd64/libjava.so
7f946fd5d000-7f946fd5f000 rw-p 0002d000 08:01 2232550                    /usr/lib/jvm/jdk1.8.0_221/jre/lib/amd64/libjava.so
7f946fd5f000-7f946fd6c000 r-xp 00000000 08:01 2232541                    /usr/lib/jvm/jdk1.8.0_221/jre/lib/amd64/libverify.so
7f946fd6c000-7f946ff6b000 ---p 0000d000 08:01 2232541                    /usr/lib/jvm/jdk1.8.0_221/jre/lib/amd64/libverify.so
7f946ff6b000-7f946ff6d000 r--p 0000c000 08:01 2232541                    /usr/lib/jvm/jdk1.8.0_221/jre/lib/amd64/libverify.so
7f946ff6d000-7f946ff6e000 rw-p 0000e000 08:01 2232541                    /usr/lib/jvm/jdk1.8.0_221/jre/lib/amd64/libverify.so
7f946ff6e000-7f946ff71000 r--p 00000000 08:01 270885                     /usr/lib/x86_64-linux-gnu/librt-2.29.so
7f946ff71000-7f946ff75000 r-xp 00003000 08:01 270885                     /usr/lib/x86_64-linux-gnu/librt-2.29.so
7f946ff75000-7f946ff77000 r--p 00007000 08:01 270885                     /usr/lib/x86_64-linux-gnu/librt-2.29.so
7f946ff77000-7f946ff78000 r--p 00008000 08:01 270885                     /usr/lib/x86_64-linux-gnu/librt-2.29.so
7f946ff78000-7f946ff79000 rw-p 00009000 08:01 270885                     /usr/lib/x86_64-linux-gnu/librt-2.29.so
7f946ff79000-7f946ff7a000 ---p 00000000 00:00 0 
7f946ff7a000-7f946ff7d000 ---p 00000000 00:00 0 
7f946ff7d000-7f947007a000 rw-p 00000000 00:00 0 
7f947007a000-7f9470089000 r--p 00000000 08:01 270556                     /usr/lib/x86_64-linux-gnu/libm-2.29.so
7f9470089000-7f947012f000 r-xp 0000f000 08:01 270556                     /usr/lib/x86_64-linux-gnu/libm-2.29.so
7f947012f000-7f94701c6000 r--p 000b5000 08:01 270556                     /usr/lib/x86_64-linux-gnu/libm-2.29.so
7f94701c6000-7f94701c7000 r--p 0014b000 08:01 270556                     /usr/lib/x86_64-linux-gnu/libm-2.29.so
7f94701c7000-7f94701c8000 rw-p 0014c000 08:01 270556                     /usr/lib/x86_64-linux-gnu/libm-2.29.so
7f94701c8000-7f9470eb0000 r-xp 00000000 08:01 2232557                    /usr/lib/jvm/jdk1.8.0_221/jre/lib/amd64/server/libjvm.so
7f9470eb0000-7f94710af000 ---p 00ce8000 08:01 2232557                    /usr/lib/jvm/jdk1.8.0_221/jre/lib/amd64/server/libjvm.so
7f94710af000-7f9471145000 r--p 00ce7000 08:01 2232557                    /usr/lib/jvm/jdk1.8.0_221/jre/lib/amd64/server/libjvm.so
7f9471145000-7f9471176000 rw-p 00d7d000 08:01 2232557                    /usr/lib/jvm/jdk1.8.0_221/jre/lib/amd64/server/libjvm.so
7f9471176000-7f94711b3000 rw-p 00000000 00:00 0 
7f94711b3000-7f94711d8000 r--p 00000000 08:01 269941                     /usr/lib/x86_64-linux-gnu/libc-2.29.so
7f94711d8000-7f947134b000 r-xp 00025000 08:01 269941                     /usr/lib/x86_64-linux-gnu/libc-2.29.so
7f947134b000-7f9471394000 r--p 00198000 08:01 269941                     /usr/lib/x86_64-linux-gnu/libc-2.29.so
7f9471394000-7f9471397000 r--p 001e0000 08:01 269941                     /usr/lib/x86_64-linux-gnu/libc-2.29.so
7f9471397000-7f947139a000 rw-p 001e3000 08:01 269941                     /usr/lib/x86_64-linux-gnu/libc-2.29.so
7f947139a000-7f947139e000 rw-p 00000000 00:00 0 
7f947139e000-7f947139f000 r--p 00000000 08:01 270078                     /usr/lib/x86_64-linux-gnu/libdl-2.29.so
7f947139f000-7f94713a1000 r-xp 00001000 08:01 270078                     /usr/lib/x86_64-linux-gnu/libdl-2.29.so
7f94713a1000-7f94713a2000 r--p 00003000 08:01 270078                     /usr/lib/x86_64-linux-gnu/libdl-2.29.so
7f94713a2000-7f94713a3000 r--p 00003000 08:01 270078                     /usr/lib/x86_64-linux-gnu/libdl-2.29.so
7f94713a3000-7f94713a4000 rw-p 00004000 08:01 270078                     /usr/lib/x86_64-linux-gnu/libdl-2.29.so
7f94713a4000-7f94713bb000 r-xp 00000000 08:01 1580488                    /usr/lib/jvm/jdk1.8.0_221/lib/amd64/jli/libjli.so
7f94713bb000-7f94715ba000 ---p 00017000 08:01 1580488                    /usr/lib/jvm/jdk1.8.0_221/lib/amd64/jli/libjli.so
7f94715ba000-7f94715bb000 r--p 00016000 08:01 1580488                    /usr/lib/jvm/jdk1.8.0_221/lib/amd64/jli/libjli.so
7f94715bb000-7f94715bc000 rw-p 00017000 08:01 1580488                    /usr/lib/jvm/jdk1.8.0_221/lib/amd64/jli/libjli.so
7f94715bc000-7f94715c3000 r--p 00000000 08:01 270819                     /usr/lib/x86_64-linux-gnu/libpthread-2.29.so
7f94715c3000-7f94715d2000 r-xp 00007000 08:01 270819                     /usr/lib/x86_64-linux-gnu/libpthread-2.29.so
7f94715d2000-7f94715d7000 r--p 00016000 08:01 270819                     /usr/lib/x86_64-linux-gnu/libpthread-2.29.so
7f94715d7000-7f94715d8000 r--p 0001a000 08:01 270819                     /usr/lib/x86_64-linux-gnu/libpthread-2.29.so
7f94715d8000-7f94715d9000 rw-p 0001b000 08:01 270819                     /usr/lib/x86_64-linux-gnu/libpthread-2.29.so
7f94715d9000-7f94715df000 rw-p 00000000 00:00 0 
7f94715df000-7f94715e0000 r--s 00001000 08:01 3014828                    /home/martin/.m2/repository/org/opentest4j/opentest4j/1.2.0/opentest4j-1.2.0.jar
7f94715e0000-7f94715e1000 r--s 00000000 08:01 3014823                    /home/martin/.m2/repository/org/apiguardian/apiguardian-api/1.1.0/apiguardian-api-1.1.0.jar
7f94715e1000-7f94715e5000 r--s 0001a000 08:01 3419200                    /home/martin/.m2/repository/org/junit/platform/junit-platform-launcher/1.6.0-M1/junit-platform-launcher-1.6.0-M1.jar
7f94715e5000-7f94715e6000 r--s 0000a000 08:01 5505112                    /home/martin/idea/plugins/junit/lib/junit5-rt.jar
7f94715e6000-7f94715e8000 r--s 00020000 08:01 5505114                    /home/martin/idea/plugins/junit/lib/junit-rt.jar
7f94715e8000-7f94715ea000 r--s 0001b000 08:01 4067018                    /home/martin/idea/lib/idea_rt.jar
7f94715ea000-7f94715f2000 rw-s 00000000 08:01 1835663                    /tmp/hsperfdata_martin/16096
7f94715f2000-7f94715f3000 rw-p 00000000 00:00 0 
7f94715f3000-7f94715f4000 ---p 00000000 00:00 0 
7f94715f4000-7f94715f5000 r--p 00000000 08:01 269725                     /usr/lib/x86_64-linux-gnu/ld-2.29.so
7f94715f5000-7f9471616000 r-xp 00001000 08:01 269725                     /usr/lib/x86_64-linux-gnu/ld-2.29.so
7f9471616000-7f947161e000 r--p 00022000 08:01 269725                     /usr/lib/x86_64-linux-gnu/ld-2.29.so
7f947161e000-7f947161f000 r--p 00029000 08:01 269725                     /usr/lib/x86_64-linux-gnu/ld-2.29.so
7f947161f000-7f9471620000 rw-p 0002a000 08:01 269725                     /usr/lib/x86_64-linux-gnu/ld-2.29.so
7f9471620000-7f9471621000 rw-p 00000000 00:00 0 
7ffdeaf00000-7ffdeaf22000 rw-p 00000000 00:00 0                          [stack]
7ffdeaf38000-7ffdeaf3b000 r--p 00000000 00:00 0                          [vvar]
7ffdeaf3b000-7ffdeaf3c000 r-xp 00000000 00:00 0                          [vdso]
ffffffffff600000-ffffffffff601000 r-xp 00000000 00:00 0                  [vsyscall]

VM Arguments:
jvm_args: -ea -javaagent:/home/martin/idea/lib/intellij-coverage-agent-1.0.508.jar=/tmp/coverage1args -Didea.test.cyclic.buffer.size=1048576 -javaagent:/home/martin/idea/lib/idea_rt.jar=41547:/home/martin/idea/bin -Dfile.encoding=UTF-8 
java_command: com.intellij.rt.execution.junit.JUnitStarter -ideVersion5 -junit5 @w@/tmp/idea_working_dirs_junit.tmp @/tmp/idea_junit.tmp -socket39189
java_class_path (initial): /home/martin/idea/lib/idea_rt.jar:/home/martin/idea/plugins/junit/lib/junit-rt.jar:/home/martin/idea/plugins/junit/lib/junit5-rt.jar:/home/martin/.m2/repository/org/junit/platform/junit-platform-launcher/1.6.0-M1/junit-platform-launcher-1.6.0-M1.jar:/home/martin/.m2/repository/org/apiguardian/apiguardian-api/1.1.0/apiguardian-api-1.1.0.jar:/home/martin/.m2/repository/org/junit/platform/junit-platform-engine/1.6.0-M1/junit-platform-engine-1.6.0-M1.jar:/home/martin/.m2/repository/org/opentest4j/opentest4j/1.2.0/opentest4j-1.2.0.jar:/home/martin/.m2/repository/org/junit/platform/junit-platform-commons/1.6.0-M1/junit-platform-commons-1.6.0-M1.jar:/home/martin/.m2/repository/org/junit/vintage/junit-vintage-engine/5.6.0-M1/junit-vintage-engine-5.6.0-M1.jar:/home/martin/.m2/repository/junit/junit/4.12/junit-4.12.jar:/home/martin/.m2/repository/org/hamcrest/hamcrest-core/1.3/hamcrest-core-1.3.jar:/usr/lib/jvm/jdk1.8.0_221/jre/lib/charsets.jar:/usr/lib/jvm/jdk1.8.0_221/jre/lib/deploy.jar:/usr/lib/jvm/jdk1.8.0_221/jre/lib/ext/cldrdata.jar:/usr/lib/jvm/jdk1.8.0_221/jre/lib/ext/dnsns.jar:/usr/lib/jvm/jdk1.8.0_221/jre/lib/ext/jaccess.jar:/usr/lib/jvm/jdk1.8.0_221/jre/lib/ext/jfxrt.jar:/usr/lib/jvm/jdk1.8.0_221/jre/lib/ext/localedata.jar:/usr/lib/jvm/jdk1.8.0_221/jre/lib/ext/nashorn.jar:/usr/lib/jvm/jdk1.8.0_221/jre/lib/ext/sunec.jar:/usr/lib/jvm/jdk1.8.0_221/jre/lib/ext/sunjce_provider.jar:/usr/lib/jvm/jdk1.8.0_221/jre/lib/ext/sunpkcs11.jar:/usr/lib/jvm/jdk1.8.0_221/jre/lib/ext/zipfs.jar:/usr/lib/jvm/jdk1.8.0_221/jre/lib/javaws.jar:/usr/lib/jvm/jdk1.8.0_221/jre/lib/jce.jar:/usr/lib/jvm/jdk1.8.0_221/jre/lib/jfr.jar:/usr/lib/jvm/jdk1.8.0_221/jre/lib/jfxswt.jar:/usr/lib/jvm/jdk1.8.0_221/jre/lib/jsse.jar:/usr/lib/jvm/jdk1.8.0_221/jre/lib/management-agent.jar:/usr/lib/jvm/jdk1.8.0_221/jre/lib/plugin.jar:/usr/lib/jvm/jdk1.8.0_221/jre/lib/resources.jar:/usr/lib/jvm/jdk1.8.0_221/jre/lib/rt.jar:/home/martin/eclipse-workspace/UyTube/UyTube/target/test-classes:
Launcher Type: SUN_STANDARD

Environment Variables:
PATH=/usr/local/sbin:/usr/local/bin:/usr/sbin:/usr/bin:/sbin:/bin:/usr/games:/usr/local/games:/snap/bin:/home/martin/tomcat
USERNAME=martin
SHELL=/bin/bash
DISPLAY=:0

Signal Handlers:
SIGSEGV: [libjvm.so+0xad3d90], sa_mask[0]=11111111011111111101111111111110, sa_flags=SA_RESTART|SA_SIGINFO
SIGBUS: [libjvm.so+0xad3d90], sa_mask[0]=11111111011111111101111111111110, sa_flags=SA_RESTART|SA_SIGINFO
SIGFPE: [libjvm.so+0x90b8b0], sa_mask[0]=11111111011111111101111111111110, sa_flags=SA_RESTART|SA_SIGINFO
SIGPIPE: [libjvm.so+0x90b8b0], sa_mask[0]=11111111011111111101111111111110, sa_flags=SA_RESTART|SA_SIGINFO
SIGXFSZ: [libjvm.so+0x90b8b0], sa_mask[0]=11111111011111111101111111111110, sa_flags=SA_RESTART|SA_SIGINFO
SIGILL: [libjvm.so+0x90b8b0], sa_mask[0]=11111111011111111101111111111110, sa_flags=SA_RESTART|SA_SIGINFO
SIGUSR1: SIG_DFL, sa_mask[0]=00000000000000000000000000000000, sa_flags=none
SIGUSR2: [libjvm.so+0x90b780], sa_mask[0]=00100000000000000000000000000000, sa_flags=SA_RESTART|SA_SIGINFO
SIGHUP: [libjvm.so+0x90bda0], sa_mask[0]=11111111011111111101111111111110, sa_flags=SA_RESTART|SA_SIGINFO
SIGINT: [libjvm.so+0x90bda0], sa_mask[0]=11111111011111111101111111111110, sa_flags=SA_RESTART|SA_SIGINFO
SIGTERM: [libjvm.so+0x90bda0], sa_mask[0]=11111111011111111101111111111110, sa_flags=SA_RESTART|SA_SIGINFO
SIGQUIT: [libjvm.so+0x90bda0], sa_mask[0]=11111111011111111101111111111110, sa_flags=SA_RESTART|SA_SIGINFO


---------------  S Y S T E M  ---------------

OS:DISTRIB_ID=Ubuntu
DISTRIB_RELEASE=19.04
DISTRIB_CODENAME=disco
DISTRIB_DESCRIPTION="Ubuntu 19.04"

uname:Linux 5.0.0-32-generic #34-Ubuntu SMP Wed Oct 2 02:06:48 UTC 2019 x86_64
libc:glibc 2.29 NPTL 2.29 
rlimit: STACK 8192k, CORE 0k, NPROC 31483, NOFILE 1048576, AS infinity
load average:2,49 1,04 0,83

/proc/meminfo:
MemTotal:        8111184 kB
MemFree:          564204 kB
MemAvailable:    2994156 kB
Buffers:          451744 kB
Cached:          2409248 kB
SwapCached:          128 kB
Active:          5358928 kB
Inactive:        1591516 kB
Active(anon):    3994028 kB
Inactive(anon):   448032 kB
Active(file):    1364900 kB
Inactive(file):  1143484 kB
Unevictable:       76856 kB
Mlocked:              48 kB
SwapTotal:       2097148 kB
SwapFree:        2095868 kB
Dirty:              4428 kB
Writeback:             0 kB
AnonPages:       4166284 kB
Mapped:           582792 kB
Shmem:            352612 kB
KReclaimable:     226992 kB
Slab:             358784 kB
SReclaimable:     226992 kB
SUnreclaim:       131792 kB
KernelStack:       15072 kB
PageTables:        54988 kB
NFS_Unstable:          0 kB
Bounce:                0 kB
WritebackTmp:          0 kB
CommitLimit:     6152740 kB
Committed_AS:   10815000 kB
VmallocTotal:   34359738367 kB
VmallocUsed:           0 kB
VmallocChunk:          0 kB
Percpu:             4896 kB
HardwareCorrupted:     0 kB
AnonHugePages:         0 kB
ShmemHugePages:        0 kB
ShmemPmdMapped:        0 kB
CmaTotal:              0 kB
CmaFree:               0 kB
HugePages_Total:       0
HugePages_Free:        0
HugePages_Rsvd:        0
HugePages_Surp:        0
Hugepagesize:       2048 kB
Hugetlb:               0 kB
DirectMap4k:      329984 kB
DirectMap2M:     8005632 kB

container (cgroup) information:
container_type: cgroupv1
cpu_cpuset_cpus: 0-3
cpu_memory_nodes: 0
active_processor_count: 4
cpu_quota: -1
cpu_period: 100000
cpu_shares: -1
memory_limit_in_bytes: -1
memory_and_swap_limit_in_bytes: -2
memory_soft_limit_in_bytes: -1
memory_usage_in_bytes: 5823225856
memory_max_usage_in_bytes: 6579507200


CPU:total 4 (initial active 4) (2 cores per cpu, 2 threads per core) family 6 model 42 stepping 7, cmov, cx8, fxsr, mmx, sse, sse2, sse3, ssse3, sse4.1, sse4.2, popcnt, avx, aes, clmul, ht, tsc, tscinvbit

/proc/cpuinfo:
processor	: 0
vendor_id	: GenuineIntel
cpu family	: 6
model		: 42
model name	: Intel(R) Core(TM) i5-2430M CPU @ 2.40GHz
stepping	: 7
microcode	: 0x2f
cpu MHz		: 2694.010
cache size	: 3072 KB
physical id	: 0
siblings	: 4
core id		: 0
cpu cores	: 2
apicid		: 0
initial apicid	: 0
fpu		: yes
fpu_exception	: yes
cpuid level	: 13
wp		: yes
flags		: fpu vme de pse tsc msr pae mce cx8 apic sep mtrr pge mca cmov pat pse36 clflush dts acpi mmx fxsr sse sse2 ss ht tm pbe syscall nx rdtscp lm constant_tsc arch_perfmon pebs bts rep_good nopl xtopology nonstop_tsc cpuid aperfmperf pni pclmulqdq dtes64 monitor ds_cpl vmx est tm2 ssse3 cx16 xtpr pdcm pcid sse4_1 sse4_2 x2apic popcnt tsc_deadline_timer aes xsave avx lahf_lm epb pti ssbd ibrs ibpb stibp tpr_shadow vnmi flexpriority ept vpid xsaveopt dtherm ida arat pln pts md_clear flush_l1d
bugs		: cpu_meltdown spectre_v1 spectre_v2 spec_store_bypass l1tf mds swapgs
bogomips	: 4789.30
clflush size	: 64
cache_alignment	: 64
address sizes	: 36 bits physical, 48 bits virtual
power management:

processor	: 1
vendor_id	: GenuineIntel
cpu family	: 6
model		: 42
model name	: Intel(R) Core(TM) i5-2430M CPU @ 2.40GHz
stepping	: 7
microcode	: 0x2f
cpu MHz		: 2693.985
cache size	: 3072 KB
physical id	: 0
siblings	: 4
core id		: 0
cpu cores	: 2
apicid		: 1
initial apicid	: 1
fpu		: yes
fpu_exception	: yes
cpuid level	: 13
wp		: yes
flags		: fpu vme de pse tsc msr pae mce cx8 apic sep mtrr pge mca cmov pat pse36 clflush dts acpi mmx fxsr sse sse2 ss ht tm pbe syscall nx rdtscp lm constant_tsc arch_perfmon pebs bts rep_good nopl xtopology nonstop_tsc cpuid aperfmperf pni pclmulqdq dtes64 monitor ds_cpl vmx est tm2 ssse3 cx16 xtpr pdcm pcid sse4_1 sse4_2 x2apic popcnt tsc_deadline_timer aes xsave avx lahf_lm epb pti ssbd ibrs ibpb stibp tpr_shadow vnmi flexpriority ept vpid xsaveopt dtherm ida arat pln pts md_clear flush_l1d
bugs		: cpu_meltdown spectre_v1 spectre_v2 spec_store_bypass l1tf mds swapgs
bogomips	: 4789.30
clflush size	: 64
cache_alignment	: 64
address sizes	: 36 bits physical, 48 bits virtual
power management:

processor	: 2
vendor_id	: GenuineIntel
cpu family	: 6
model		: 42
model name	: Intel(R) Core(TM) i5-2430M CPU @ 2.40GHz
stepping	: 7
microcode	: 0x2f
cpu MHz		: 2693.984
cache size	: 3072 KB
physical id	: 0
siblings	: 4
core id		: 1
cpu cores	: 2
apicid		: 2
initial apicid	: 2
fpu		: yes
fpu_exception	: yes
cpuid level	: 13
wp		: yes
flags		: fpu vme de pse tsc msr pae mce cx8 apic sep mtrr pge mca cmov pat pse36 clflush dts acpi mmx fxsr sse sse2 ss ht tm pbe syscall nx rdtscp lm constant_tsc arch_perfmon pebs bts rep_good nopl xtopology nonstop_tsc cpuid aperfmperf pni pclmulqdq dtes64 monitor ds_cpl vmx est tm2 ssse3 cx16 xtpr pdcm pcid sse4_1 sse4_2 x2apic popcnt tsc_deadline_timer aes xsave avx lahf_lm epb pti ssbd ibrs ibpb stibp tpr_shadow vnmi flexpriority ept vpid xsaveopt dtherm ida arat pln pts md_clear flush_l1d
bugs		: cpu_meltdown spectre_v1 spectre_v2 spec_store_bypass l1tf mds swapgs
bogomips	: 4789.30
clflush size	: 64
cache_alignment	: 64
address sizes	: 36 bits physical, 48 bits virtual
power management:

processor	: 3
vendor_id	: GenuineIntel
cpu family	: 6
model		: 42
model name	: Intel(R) Core(TM) i5-2430M CPU @ 2.40GHz
stepping	: 7
microcode	: 0x2f
cpu MHz		: 2693.986
cache size	: 3072 KB
physical id	: 0
siblings	: 4
core id		: 1
cpu cores	: 2
apicid		: 3
initial apicid	: 3
fpu		: yes
fpu_exception	: yes
cpuid level	: 13
wp		: yes
flags		: fpu vme de pse tsc msr pae mce cx8 apic sep mtrr pge mca cmov pat pse36 clflush dts acpi mmx fxsr sse sse2 ss ht tm pbe syscall nx rdtscp lm constant_tsc arch_perfmon pebs bts rep_good nopl xtopology nonstop_tsc cpuid aperfmperf pni pclmulqdq dtes64 monitor ds_cpl vmx est tm2 ssse3 cx16 xtpr pdcm pcid sse4_1 sse4_2 x2apic popcnt tsc_deadline_timer aes xsave avx lahf_lm epb pti ssbd ibrs ibpb stibp tpr_shadow vnmi flexpriority ept vpid xsaveopt dtherm ida arat pln pts md_clear flush_l1d
bugs		: cpu_meltdown spectre_v1 spectre_v2 spec_store_bypass l1tf mds swapgs
bogomips	: 4789.30
clflush size	: 64
cache_alignment	: 64
address sizes	: 36 bits physical, 48 bits virtual
power management:



Memory: 4k page, physical 8111184k(564204k free), swap 2097148k(2095868k free)

vm_info: Java HotSpot(TM) 64-Bit Server VM (25.221-b11) for linux-amd64 JRE (1.8.0_221-b11), built on Jul  4 2019 04:27:00 by "java_re" with gcc 7.3.0

time: Tue Nov 12 20:31:58 2019
timezone: -03
elapsed time: 74 seconds (0d 0h 1m 14s)

